3  |     x += ;
   |          ^ expected expression

4  |     x -= ;
   |          ^ expected expression

5  |     x *= ;
   |          ^ expected expression

6  |     x /= ;
   |          ^ expected expression

8  |     1 + ;
   |         ^ expected expression

9  |     1 - ;
   |         ^ expected expression

10 |     1 * ;
   |         ^ expected expression

11 |     1 / ;
   |         ^ expected expression

13 |     ! ; 
   |       ^ expected expression

14 |     - ;
   |       ^ expected expression

16 |     true and ;
   |              ^ expected expression

17 |     false or ;
   |              ^ expected expression

